TN:
SF:src\config.ts
FN:23,setApiKey
FN:34,setApiVersion
FN:42,onApiKeyChange
FN:50,getApiKey
FN:58,getApiVersion
FN:66,getVersion
FN:74,getVersionInfo
FNF:7
FNH:7
FNDA:3,setApiKey
FNDA:8,setApiVersion
FNDA:1,onApiKeyChange
FNDA:3,getApiKey
FNDA:7,getApiVersion
FNDA:2,getVersion
FNDA:1,getVersionInfo
DA:1,9
DA:4,9
DA:13,9
DA:23,9
DA:24,3
DA:25,3
DA:26,3
DA:34,9
DA:35,8
DA:42,9
DA:43,1
DA:50,9
DA:51,3
DA:58,9
DA:59,7
DA:66,9
DA:67,2
DA:74,9
DA:75,1
LF:19
LH:19
BRDA:14,0,0,9
BRDA:14,0,1,7
BRDA:25,1,0,3
BRF:3
BRH:3
end_of_record
TN:
SF:src\errors.ts
FN:7,(anonymous_0)
FN:23,(anonymous_1)
FN:36,(anonymous_2)
FN:44,(anonymous_3)
FN:51,handleError
FN:64,safeExecute
FNF:6
FNH:6
FNDA:11,(anonymous_0)
FNDA:2,(anonymous_1)
FNDA:1,(anonymous_2)
FNDA:1,(anonymous_3)
FNDA:3,handleError
FNDA:4,safeExecute
DA:6,1
DA:8,11
DA:9,11
DA:19,1
DA:24,2
DA:25,2
DA:26,2
DA:27,2
DA:35,1
DA:37,1
DA:38,1
DA:43,1
DA:45,1
DA:46,1
DA:51,1
DA:52,3
DA:53,1
DA:55,2
DA:64,1
DA:65,4
DA:66,4
DA:68,3
DA:69,1
DA:71,2
LF:24
LH:24
BRDA:29,0,0,1
BRDA:29,0,1,1
BRDA:52,1,0,1
BRDA:68,2,0,1
BRF:4
BRH:4
end_of_record
