TN:
SF:src\config.ts
FN:23,setApiKey
FN:34,onApiKeyChange
FN:42,getApiKey
FN:50,getVersion
FNF:4
FNH:4
FNDA:2,setApiKey
FNDA:1,onApiKeyChange
FNDA:3,getApiKey
FNDA:1,getVersion
DA:1,6
DA:4,6
DA:13,6
DA:23,6
DA:24,2
DA:25,2
DA:26,2
DA:34,6
DA:35,1
DA:42,6
DA:43,3
DA:50,6
DA:51,1
LF:13
LH:13
BRDA:14,0,0,6
BRDA:14,0,1,2
BRDA:25,1,0,2
BRF:3
BRH:3
end_of_record
TN:
SF:src\errors.ts
FN:7,(anonymous_0)
FN:23,(anonymous_1)
FN:36,(anonymous_2)
FN:44,(anonymous_3)
FN:51,handleError
FN:64,safeExecute
FNF:6
FNH:6
FNDA:12,(anonymous_0)
FNDA:2,(anonymous_1)
FNDA:1,(anonymous_2)
FNDA:1,(anonymous_3)
FNDA:3,handleError
FNDA:11,safeExecute
DA:6,2
DA:8,12
DA:9,12
DA:19,2
DA:24,2
DA:25,2
DA:26,2
DA:27,2
DA:35,2
DA:37,1
DA:38,1
DA:43,2
DA:45,1
DA:46,1
DA:51,2
DA:52,3
DA:53,1
DA:55,2
DA:64,2
DA:65,11
DA:66,11
DA:68,4
DA:69,1
DA:71,3
LF:24
LH:24
BRDA:29,0,0,1
BRDA:29,0,1,1
BRDA:52,1,0,1
BRDA:68,2,0,1
BRF:4
BRH:4
end_of_record
TN:
SF:src\formatter\toXml.ts
FN:20,cleanXmlResponse
FN:46,toXml
FN:47,(anonymous_2)
FNF:3
FNH:3
FNDA:6,cleanXmlResponse
FNDA:7,toXml
FNDA:7,(anonymous_2)
DA:1,1
DA:2,1
DA:21,6
DA:22,1
DA:26,5
DA:29,5
DA:30,5
DA:33,5
DA:34,1
DA:37,5
DA:46,1
DA:47,7
DA:48,7
DA:49,7
DA:50,6
LF:15
LH:15
BRDA:21,0,0,1
BRDA:33,1,0,1
BRDA:33,2,0,5
BRDA:33,2,1,1
BRDA:46,3,0,6
BRF:5
BRH:5
end_of_record
